out/myWebRTC/gradle/examples/AppRTCMobile_javalib/build/outputs/logs/manifest-merger-debug-report.txt
-- Merging decision tree log ---
manifest
ADDED from examples\AppRTCMobile_javalib\AndroidManifest.xml:2:1-7:12
INJECTED from examples\AppRTCMobile_javalib\AndroidManifest.xml:2:1-7:12
INJECTED from examples\AppRTCMobile_javalib\AndroidManifest.xml:2:1-7:12
	package
		ADDED from examples\AppRTCMobile_javalib\AndroidManifest.xml:3:5-33
		INJECTED from examples\AppRTCMobile_javalib\AndroidManifest.xml
		INJECTED from examples\AppRTCMobile_javalib\AndroidManifest.xml
	xmlns:android
		ADDED from examples\AppRTCMobile_javalib\AndroidManifest.xml:2:11-69
uses-sdk
ADDED from examples\AppRTCMobile_javalib\AndroidManifest.xml:5:5-74
	android:targetSdkVersion
		ADDED from examples\AppRTCMobile_javalib\AndroidManifest.xml:5:42-71
	android:minSdkVersion
		ADDED from examples\AppRTCMobile_javalib\AndroidManifest.xml:5:15-41